11:17:44,065  INFO Util:28 - ----conectar banco - lendo arquivo de propriedades 
11:17:44,069  INFO Util:33 - sgbd => postgresql
11:17:44,069  INFO Util:34 - banco => fretamento
11:17:44,069  INFO Util:35 - ip => localhost
11:17:44,069  INFO Util:40 - ----configurando postgresql
11:17:44,092 DEBUG logging:38 - Logging Provider: org.jboss.logging.Log4jLoggerProvider
11:17:44,183  INFO LogHelper:31 - HHH000204: Processing PersistenceUnitInfo [name: hibernate-postgresql]
11:17:44,225  INFO Version:44 - HHH000412: Hibernate ORM core version 6.5.2.Final
11:17:44,252 DEBUG RegionFactoryInitiator:122 - Cannot default RegionFactory based on registered strategies as `[]` RegionFactory strategies were registered
11:17:44,253  INFO RegionFactoryInitiator:50 - HHH000026: Second-level cache disabled
11:17:44,445  WARN pooling:81 - HHH10001002: Using built-in connection pool (not intended for production use)
11:17:44,448  INFO pooling:136 - HHH10001005: Loaded JDBC driver class: org.postgresql.Driver
11:17:44,448  INFO pooling:158 - HHH10001012: Connecting with JDBC URL [jdbc:postgresql://localhost:5432/fretamento]
11:17:44,448  INFO pooling:167 - HHH10001001: Connection properties: {password=****, user=postgres}
11:17:44,448  INFO pooling:171 - HHH10001003: Autocommit mode: false
11:17:44,450  INFO pooling:372 - HHH10001115: Connection pool size: 20 (min=1)
11:17:45,519  INFO JtaPlatformInitiator:59 - HHH000489: No JTA platform available (set 'hibernate.transaction.jta.platform' to enable JTA platform integration)
11:17:45,536  INFO access:52 - HHH10001501: Connection obtained from JdbcConnectionAccess [org.hibernate.engine.jdbc.env.internal.JdbcEnvironmentInitiator$ConnectionProviderJdbcConnectionAccess@1d36196d] for (non-JTA) DDL execution was not in auto-commit mode; the Connection 'local transaction' will be committed and the Connection will be set into auto-commit mode.
11:17:46,515  INFO Util:69 - ----desconectar banco
11:17:46,517  INFO pooling:607 - HHH10001008: Cleaning up connection pool [jdbc:postgresql://localhost:5432/fretamento]
11:17:48,188  INFO Util:28 - ----conectar banco - lendo arquivo de propriedades 
11:17:48,188  INFO Util:33 - sgbd => postgresql
11:17:48,189  INFO Util:34 - banco => fretamento
11:17:48,189  INFO Util:35 - ip => localhost
11:17:48,189  INFO Util:40 - ----configurando postgresql
11:17:48,193  INFO LogHelper:31 - HHH000204: Processing PersistenceUnitInfo [name: hibernate-postgresql]
11:17:48,196 DEBUG RegionFactoryInitiator:122 - Cannot default RegionFactory based on registered strategies as `[]` RegionFactory strategies were registered
11:17:48,196  INFO RegionFactoryInitiator:50 - HHH000026: Second-level cache disabled
11:17:48,224  WARN pooling:81 - HHH10001002: Using built-in connection pool (not intended for production use)
11:17:48,225  INFO pooling:136 - HHH10001005: Loaded JDBC driver class: org.postgresql.Driver
11:17:48,225  INFO pooling:158 - HHH10001012: Connecting with JDBC URL [jdbc:postgresql://localhost:5432/fretamento]
11:17:48,225  INFO pooling:167 - HHH10001001: Connection properties: {password=****, user=postgres}
11:17:48,225  INFO pooling:171 - HHH10001003: Autocommit mode: false
11:17:48,225  INFO pooling:372 - HHH10001115: Connection pool size: 20 (min=1)
11:17:48,318  INFO JtaPlatformInitiator:59 - HHH000489: No JTA platform available (set 'hibernate.transaction.jta.platform' to enable JTA platform integration)
11:17:48,319  INFO access:52 - HHH10001501: Connection obtained from JdbcConnectionAccess [org.hibernate.engine.jdbc.env.internal.JdbcEnvironmentInitiator$ConnectionProviderJdbcConnectionAccess@21b862c] for (non-JTA) DDL execution was not in auto-commit mode; the Connection 'local transaction' will be committed and the Connection will be set into auto-commit mode.
11:17:48,571 DEBUG SQL:135 - select m1_0.cnh,m1_0.nome from Motorista m1_0
11:17:51,407 DEBUG SQL:135 - select m1_0.cnh,m1_0.nome from Motorista m1_0 where m1_0.cnh=?
11:17:51,408 TRACE bind:24 - binding parameter (1:VARCHAR) <- [1112]
11:17:51,414 DEBUG SQL:135 - select v1_0.motorista_cnh,v1_0.id,v1_0.data,v1_0.destino,v2_0.placa,v2_0.modelo from Viagem v1_0 left join Veiculo v2_0 on v2_0.placa=v1_0.veiculo_placa where v1_0.motorista_cnh=?
11:17:51,415 TRACE bind:24 - binding parameter (1:VARCHAR) <- [1112]
11:17:52,480  INFO Util:69 - ----desconectar banco
11:17:52,481  INFO pooling:607 - HHH10001008: Cleaning up connection pool [jdbc:postgresql://localhost:5432/fretamento]
11:17:52,482 ERROR pooling:476 - Connection leak detected: there are 1 unclosed connections upon shutting down pool jdbc:postgresql://localhost:5432/fretamento
11:17:52,482 ERROR pooling:303 - Connection leak detected: there are 1 unclosed connections
11:17:53,155  INFO Util:28 - ----conectar banco - lendo arquivo de propriedades 
11:17:53,156  INFO Util:33 - sgbd => postgresql
11:17:53,156  INFO Util:34 - banco => fretamento
11:17:53,156  INFO Util:35 - ip => localhost
11:17:53,156  INFO Util:40 - ----configurando postgresql
11:17:53,161  INFO LogHelper:31 - HHH000204: Processing PersistenceUnitInfo [name: hibernate-postgresql]
11:17:53,162 DEBUG RegionFactoryInitiator:122 - Cannot default RegionFactory based on registered strategies as `[]` RegionFactory strategies were registered
11:17:53,162  INFO RegionFactoryInitiator:50 - HHH000026: Second-level cache disabled
11:17:53,188  WARN pooling:81 - HHH10001002: Using built-in connection pool (not intended for production use)
11:17:53,188  INFO pooling:136 - HHH10001005: Loaded JDBC driver class: org.postgresql.Driver
11:17:53,188  INFO pooling:158 - HHH10001012: Connecting with JDBC URL [jdbc:postgresql://localhost:5432/fretamento]
11:17:53,189  INFO pooling:167 - HHH10001001: Connection properties: {password=****, user=postgres}
11:17:53,189  INFO pooling:171 - HHH10001003: Autocommit mode: false
11:17:53,189  INFO pooling:372 - HHH10001115: Connection pool size: 20 (min=1)
11:17:53,278  INFO JtaPlatformInitiator:59 - HHH000489: No JTA platform available (set 'hibernate.transaction.jta.platform' to enable JTA platform integration)
11:17:53,278  INFO access:52 - HHH10001501: Connection obtained from JdbcConnectionAccess [org.hibernate.engine.jdbc.env.internal.JdbcEnvironmentInitiator$ConnectionProviderJdbcConnectionAccess@d88da29] for (non-JTA) DDL execution was not in auto-commit mode; the Connection 'local transaction' will be committed and the Connection will be set into auto-commit mode.
11:17:53,317 DEBUG SQL:135 - select v1_0.id,v1_0.data,v1_0.destino,v1_0.motorista_cnh,v1_0.veiculo_placa from Viagem v1_0
11:17:53,322 DEBUG SQL:135 - select m1_0.cnh,m1_0.nome from Motorista m1_0 where m1_0.cnh=?
11:17:53,322 TRACE bind:24 - binding parameter (1:VARCHAR) <- [1112]
11:17:53,323 DEBUG SQL:135 - select v1_0.placa,v1_0.modelo from Veiculo v1_0 where v1_0.placa=?
11:17:53,324 TRACE bind:24 - binding parameter (1:VARCHAR) <- [AAA5001]
11:17:53,324 DEBUG SQL:135 - select m1_0.cnh,m1_0.nome from Motorista m1_0 where m1_0.cnh=?
11:17:53,324 TRACE bind:24 - binding parameter (1:VARCHAR) <- [3334]
11:17:53,325 DEBUG SQL:135 - select v1_0.placa,v1_0.modelo from Veiculo v1_0 where v1_0.placa=?
11:17:53,325 TRACE bind:24 - binding parameter (1:VARCHAR) <- [CCC9001]
11:18:01,667  INFO Util:69 - ----desconectar banco
11:18:01,668  INFO pooling:607 - HHH10001008: Cleaning up connection pool [jdbc:postgresql://localhost:5432/fretamento]
